(------------------------------------------------------------)
(                                                            )
(        ARTWORK LOG                                         )
(                                                            )
(        Drawing          : slugs_v2.brd                     )
(        Software Version : 16.0p002                         )
(        Date/Time        : Sun May 24 13:51:37 2009         )
(                                                            )
(------------------------------------------------------------)


Sun May 24 13:51:37 2009				Page     1

Photoplot log file
Results from parameter file ...

DEVICE-TYPE           GERBER_RS274X
OUTPUT-UNITS          INCHES
FILM-SIZE             240000 160000
FORMAT                5.4
ABORT-ON-ERROR        NO
SCALE                 1
SUPPRESS-LEAD-ZEROES  YES
SUPPRESS-TRAIL-ZEROES NO
SUPPRESS-EQUAL        NO
UNDEF-APT-CONT        NO

 WARNING: for raster artwork formats, artwork accuracy must be
  at least one place greater than the database accuracy, up
  to the maximum accuracy allowed by the selected output format.

  Increase the accuracy by increasing the "Decimal Places" in
  the FORMAT section of the artwork parameters and then rerun
  artwork.

  The current output is rounding down the data.  Failure to change
  the format may result in inaccurate arc coordinates in the output
  files and possible shape/void plotting failures.


================================================================
     PROCESSING FILM < BOTTOM_ETCH.art > ...
================================================================

  FILM PARAMETERS :
  ---------------------------------------------------------
  Undefined line width                0.00
  Mirror code                         NONE
  Rotate angle                        NONE
  Offset x:                           0.00
  Offset y:                           0.00
  Plot negative                       NO
  Suppress unconnected internal pads  NO

    WARNING: Segment with same start and end points at
	(3703.74 6050.10) will be ignored. Increasing output
	accuracy may allow segment to be generated.

    WARNING: Segment with same start and end points at
	(4376.80 6451.00) will be ignored. Increasing output
	accuracy may allow segment to be generated.

    WARNING: Segment with same start and end points at
	(4507.12 6580.88) will be ignored. Increasing output
	accuracy may allow segment to be generated.

    WARNING: Segment with same start and end points at
	(4551.89 5769.36) will be ignored. Increasing output
	accuracy may allow segment to be generated.

    WARNING: Segment with same start and end points at
	(4507.00 5879.00) will be ignored. Increasing output
	accuracy may allow segment to be generated.

    WARNING: Segment with same start and end points at
	(4565.89 5775.18) will be ignored. Increasing output
	accuracy may allow segment to be generated.

    WARNING: Segment with same start and end points at
	(4468.04 6644.00) will be ignored. Increasing output
	accuracy may allow segment to be generated.

    WARNING: Segment with same start and end points at
	(4426.00 6605.51) will be ignored. Increasing output
	accuracy may allow segment to be generated.

    WARNING: Segment with same start and end points at
	(4698.60 6567.55) will be ignored. Increasing output
	accuracy may allow segment to be generated.

    WARNING: Segment with same start and end points at
	(4684.59 6561.76) will be ignored. Increasing output
	accuracy may allow segment to be generated.

    WARNING: Segment with same start and end points at
	(4907.37 5988.54) will be ignored. Increasing output
	accuracy may allow segment to be generated.

    WARNING: Segment with same start and end points at
	(5075.90 6068.00) will be ignored. Increasing output
	accuracy may allow segment to be generated.

    WARNING: Segment with same start and end points at
	(4921.37 5994.34) will be ignored. Increasing output
	accuracy may allow segment to be generated.

    WARNING: Segment with same start and end points at
	(4893.37 5982.74) will be ignored. Increasing output
	accuracy may allow segment to be generated.



  APERTURES USED:
  ---------------------------------------------------------
  TYPE       SIZE/NAME                   ROT   MIRROR MODE 
  ---------------------------------------------------------
  CIRCLE     0.00700                                  DARK 
  CIRCLE     0.01000                                  DARK 
  CIRCLE     0.01100                                  DARK 
  CIRCLE     0.01200                                  DARK 
  CIRCLE     0.01400                                  DARK 
  CIRCLE     0.01500                                  DARK 
  CIRCLE     0.01600                                  DARK 
  CIRCLE     0.01969                                  DARK 
  CIRCLE     0.02500                                  DARK 
  CIRCLE     0.02600                                  DARK 
  CIRCLE     0.03000                                  DARK 
  CIRCLE     0.05000                                  DARK 
  CIRCLE     0.06000                                  DARK 
  SQUARE     0.06000                    45.000 NO     DARK 
  RECTANGLE  0.02000     x 0.01700       0.000 NO     DARK 
  RECTANGLE  0.02559     x 0.01378       0.000 NO     DARK 
  RECTANGLE  0.02559     x 0.01378      90.000 NO     DARK 
  RECTANGLE  0.04200     x 0.01600      90.000 NO     DARK 
  RECTANGLE  0.04331     x 0.03937       0.000 NO     DARK 
  RECTANGLE  0.04331     x 0.03937      90.000 NO     DARK 
  RECTANGLE  0.04400     x 0.01200       0.000 NO     DARK 
  RECTANGLE  0.05118     x 0.05906       0.000 NO     DARK 
  RECTANGLE  0.05118     x 0.05906      90.000 NO     DARK 
  RECTANGLE  0.06299     x 0.00787      90.000 NO     DARK 
  RECTANGLE  0.06299     x 0.07087       0.000 NO     DARK 
  RECTANGLE  0.07874     x 0.01969      90.000 NO     DARK 
  RECTANGLE  0.10000     x 0.06000      90.000 NO     DARK 
  RECTANGLE  0.13780     x 0.04724      90.000 NO     DARK 
  OBLONG     0.03300     x 0.04500      90.000 NO     DARK 

     BOTTOM_ETCH created with warnings


================================================================
     PROCESSING FILM < BOTTOM_SILKSCREEN.art > ...
================================================================

  FILM PARAMETERS :
  ---------------------------------------------------------
  Undefined line width                6.00
  Mirror code                         NONE
  Rotate angle                        NONE
  Offset x:                           0.00
  Offset y:                           0.00
  Plot negative                       NO
  Suppress unconnected internal pads  NO

    WARNING: text composed 0 width line found at (2766.00 6202.00)
           ... using undefined line width of 6.00

    WARNING: text having Multiple 0 width lines; all will be treated the same as the first.
           ... using undefined line width of 6.00

    WARNING: 0 width line found at (2946.00 7085.00)
           ... using undefined line width of 6.00

    WARNING: Multiple 0 width lines; all will be treated the same as the first.
           ... using undefined line width of 6.00



  APERTURES USED:
  ---------------------------------------------------------
  TYPE       SIZE/NAME                   ROT   MIRROR MODE 
  ---------------------------------------------------------
  CIRCLE     0.00600                                  DARK 
  CIRCLE     0.00984                                  DARK 

     BOTTOM_SILKSCREEN created with warnings


================================================================
     PROCESSING FILM < BOTTOM_SOLDERMASK.art > ...
================================================================

  FILM PARAMETERS :
  ---------------------------------------------------------
  Undefined line width                0.00
  Mirror code                         NONE
  Rotate angle                        NONE
  Offset x:                           0.00
  Offset y:                           0.00
  Plot negative                       NO
  Suppress unconnected internal pads  NO



  APERTURES USED:
  ---------------------------------------------------------
  TYPE       SIZE/NAME                   ROT   MIRROR MODE 
  ---------------------------------------------------------
  CIRCLE     0.03400                                  DARK 
  CIRCLE     0.07480                                  DARK 
  CIRCLE     0.07500                                  DARK 
  CIRCLE     0.08000                                  DARK 
  CIRCLE     0.11400                                  DARK 
  CIRCLE     0.14500                                  DARK 
  SQUARE     0.07500                    45.000 NO     DARK 
  RECTANGLE  0.02500     x 0.02200       0.000 NO     DARK 
  RECTANGLE  0.02953     x 0.01772       0.000 NO     DARK 
  RECTANGLE  0.02953     x 0.01772      90.000 NO     DARK 
  RECTANGLE  0.04528     x 0.04134       0.000 NO     DARK 
  RECTANGLE  0.04528     x 0.04134      90.000 NO     DARK 
  RECTANGLE  0.04600     x 0.02000      90.000 NO     DARK 
  RECTANGLE  0.04800     x 0.01600       0.000 NO     DARK 
  RECTANGLE  0.05315     x 0.06102       0.000 NO     DARK 
  RECTANGLE  0.05315     x 0.06102      90.000 NO     DARK 
  RECTANGLE  0.06496     x 0.07283       0.000 NO     DARK 
  RECTANGLE  0.06693     x 0.01181      90.000 NO     DARK 
  RECTANGLE  0.08268     x 0.02362      90.000 NO     DARK 
  RECTANGLE  0.10600     x 0.06600      90.000 NO     DARK 
  RECTANGLE  0.14173     x 0.05118      90.000 NO     DARK 
  OBLONG     0.04500     x 0.05500      90.000 NO     DARK 

     BOTTOM_SOLDERMASK created with warnings


================================================================
     PROCESSING FILM < PLANE1.art > ...
================================================================

  FILM PARAMETERS :
  ---------------------------------------------------------
  Undefined line width                0.00
  Mirror code                         NONE
  Rotate angle                        NONE
  Offset x:                           0.00
  Offset y:                           0.00
  Plot negative                       NO
  Suppress unconnected internal pads  NO

    WARNING: Segment with same start and end points at
	(5416.71 5673.74) will be ignored. Increasing output
	accuracy may allow segment to be generated.



  APERTURES USED:
  ---------------------------------------------------------
  TYPE       SIZE/NAME                   ROT   MIRROR MODE 
  ---------------------------------------------------------
  CIRCLE     0.01200                                  DARK 
  CIRCLE     0.01969                                  DARK 
  CIRCLE     0.02500                                  DARK 
  CIRCLE     0.02600                                  DARK 
  CIRCLE     0.03000                                  DARK 
  CIRCLE     0.03300                                  DARK 
  CIRCLE     0.05500                                  DARK 
  CIRCLE     0.06000                                  DARK 

     PLANE1 created with warnings


================================================================
     PROCESSING FILM < PLANE2.art > ...
================================================================

  FILM PARAMETERS :
  ---------------------------------------------------------
  Undefined line width                0.00
  Mirror code                         NONE
  Rotate angle                        NONE
  Offset x:                           0.00
  Offset y:                           0.00
  Plot negative                       NO
  Suppress unconnected internal pads  NO

    WARNING: Segment with same start and end points at
	(5100.92 6020.00) will be ignored. Increasing output
	accuracy may allow segment to be generated.

    WARNING: Segment with same start and end points at
	(5099.12 6020.00) will be ignored. Increasing output
	accuracy may allow segment to be generated.



  APERTURES USED:
  ---------------------------------------------------------
  TYPE       SIZE/NAME                   ROT   MIRROR MODE 
  ---------------------------------------------------------
  CIRCLE     0.01200                                  DARK 
  CIRCLE     0.01969                                  DARK 
  CIRCLE     0.02500                                  DARK 
  CIRCLE     0.02600                                  DARK 
  CIRCLE     0.03000                                  DARK 
  CIRCLE     0.03300                                  DARK 
  CIRCLE     0.05500                                  DARK 
  CIRCLE     0.06000                                  DARK 

     PLANE2 created with warnings


================================================================
     PROCESSING FILM < TOP_ETCH.art > ...
================================================================

  FILM PARAMETERS :
  ---------------------------------------------------------
  Undefined line width                0.00
  Mirror code                         NONE
  Rotate angle                        NONE
  Offset x:                           0.00
  Offset y:                           0.00
  Plot negative                       NO
  Suppress unconnected internal pads  NO

    WARNING: Segment with same start and end points at
	(3366.80 6031.01) will be ignored. Increasing output
	accuracy may allow segment to be generated.



  APERTURES USED:
  ---------------------------------------------------------
  TYPE       SIZE/NAME                   ROT   MIRROR MODE 
  ---------------------------------------------------------
  CIRCLE     0.00700                                  DARK 
  CIRCLE     0.01000                                  DARK 
  CIRCLE     0.01100                                  DARK 
  CIRCLE     0.01200                                  DARK 
  CIRCLE     0.01400                                  DARK 
  CIRCLE     0.01500                                  DARK 
  CIRCLE     0.01600                                  DARK 
  CIRCLE     0.01969                                  DARK 
  CIRCLE     0.02500                                  DARK 
  CIRCLE     0.02600                                  DARK 
  CIRCLE     0.03000                                  DARK 
  CIRCLE     0.04000                                  DARK 
  CIRCLE     0.06000                                  DARK 
  CIRCLE     0.08500                                  DARK 
  SQUARE     0.06000                    45.000 NO     DARK 
  RECTANGLE  0.00900     x 0.05800       0.000 NO     DARK 
  RECTANGLE  0.00900     x 0.05800      90.000 NO     DARK 
  RECTANGLE  0.02362     x 0.03150      90.000 NO     DARK 
  RECTANGLE  0.02559     x 0.01181       0.000 NO     DARK 
  RECTANGLE  0.02559     x 0.01181      90.000 NO     DARK 
  RECTANGLE  0.03000     x 0.01600       0.000 NO     DARK 
  RECTANGLE  0.03000     x 0.01600      90.000 NO     DARK 
  RECTANGLE  0.04331     x 0.03543      90.000 NO     DARK 
  RECTANGLE  0.04331     x 0.03937       0.000 NO     DARK 
  RECTANGLE  0.04331     x 0.03937      90.000 NO     DARK 
  RECTANGLE  0.05100     x 0.08000       0.000 NO     DARK 
  RECTANGLE  0.05100     x 0.08000      90.000 NO     DARK 
  RECTANGLE  0.05118     x 0.05906       0.000 NO     DARK 
  RECTANGLE  0.05118     x 0.05906      90.000 NO     DARK 
  RECTANGLE  0.05300     x 0.02700      90.000 NO     DARK 
  RECTANGLE  0.05433     x 0.02402      90.000 NO     DARK 
  RECTANGLE  0.07800     x 0.02200       0.000 NO     DARK 
  OBLONG     0.03300     x 0.04500      90.000 NO     DARK 

     TOP_ETCH created with warnings


================================================================
     PROCESSING FILM < TOP_SILKSCREEN.art > ...
================================================================

  FILM PARAMETERS :
  ---------------------------------------------------------
  Undefined line width                6.00
  Mirror code                         NONE
  Rotate angle                        NONE
  Offset x:                           0.00
  Offset y:                           0.00
  Plot negative                       NO
  Suppress unconnected internal pads  NO



  APERTURES USED:
  ---------------------------------------------------------
  TYPE       SIZE/NAME                   ROT   MIRROR MODE 
  ---------------------------------------------------------
  CIRCLE     0.00600                                  DARK 
  CIRCLE     0.01000                                  DARK 

     TOP_SILKSCREEN created with warnings


================================================================
     PROCESSING FILM < TOP_SOLDERMASK.art > ...
================================================================

  FILM PARAMETERS :
  ---------------------------------------------------------
  Undefined line width                0.00
  Mirror code                         NONE
  Rotate angle                        NONE
  Offset x:                           0.00
  Offset y:                           0.00
  Plot negative                       NO
  Suppress unconnected internal pads  NO



  APERTURES USED:
  ---------------------------------------------------------
  TYPE       SIZE/NAME                   ROT   MIRROR MODE 
  ---------------------------------------------------------
  CIRCLE     0.01000                                  DARK 
  CIRCLE     0.03400                                  DARK 
  CIRCLE     0.07480                                  DARK 
  CIRCLE     0.07500                                  DARK 
  CIRCLE     0.08000                                  DARK 
  CIRCLE     0.08900                                  DARK 
  CIRCLE     0.11400                                  DARK 
  CIRCLE     0.14500                                  DARK 
  SQUARE     0.07500                    45.000 NO     DARK 
  RECTANGLE  0.01300     x 0.06200       0.000 NO     DARK 
  RECTANGLE  0.01300     x 0.06200      90.000 NO     DARK 
  RECTANGLE  0.02756     x 0.03543      90.000 NO     DARK 
  RECTANGLE  0.02953     x 0.01575       0.000 NO     DARK 
  RECTANGLE  0.02953     x 0.01575      90.000 NO     DARK 
  RECTANGLE  0.03400     x 0.02000       0.000 NO     DARK 
  RECTANGLE  0.03400     x 0.02000      90.000 NO     DARK 
  RECTANGLE  0.04528     x 0.04134       0.000 NO     DARK 
  RECTANGLE  0.04528     x 0.04134      90.000 NO     DARK 
  RECTANGLE  0.04724     x 0.03937      90.000 NO     DARK 
  RECTANGLE  0.05315     x 0.06102       0.000 NO     DARK 
  RECTANGLE  0.05315     x 0.06102      90.000 NO     DARK 
  RECTANGLE  0.05500     x 0.08400       0.000 NO     DARK 
  RECTANGLE  0.05500     x 0.08400      90.000 NO     DARK 
  RECTANGLE  0.05827     x 0.02795      90.000 NO     DARK 
  RECTANGLE  0.05900     x 0.03300      90.000 NO     DARK 
  RECTANGLE  0.08200     x 0.02600       0.000 NO     DARK 
  OBLONG     0.04500     x 0.05500      90.000 NO     DARK 

     TOP_SOLDERMASK created with warnings


------------------------------------------------------
 SUMMARY:
            BOTTOM_ETCH created with warnings
            BOTTOM_SILKSCREEN created with warnings
            BOTTOM_SOLDERMASK created with warnings
            PLANE1 created with warnings
            PLANE2 created with warnings
            TOP_ETCH created with warnings
            TOP_SILKSCREEN created with warnings
            TOP_SOLDERMASK created with warnings

 ARTWORK had warnings
