(------------------------------------------------------------)
(                                                            )
(        Batch DRC Update                                    )
(                                                            )
(        Drawing          : AMPMODU50_80_rightangle.dra      )
(        Software Version : 16.0p006                         )
(        Date/Time        : Mon May 11 16:07:15 2009         )
(                                                            )
(------------------------------------------------------------)


 ========= check shapes                       Mon May 11 16:07:15 2009
 ========= check standalone pins              Mon May 11 16:07:15 2009
 ========= check symbols (pins,lines,text)    Mon May 11 16:07:15 2009
 ========= check nets                         Mon May 11 16:07:15 2009
 ========= check standalone branches          Mon May 11 16:07:15 2009
 ========= check standalone filled rectangles Mon May 11 16:07:15 2009
 ========= check standalone lines             Mon May 11 16:07:15 2009
 ========= check standalone text              Mon May 11 16:07:15 2009
 ========= check standalone rectangles        Mon May 11 16:07:15 2009

 ..... Total number of DRC errors  0

 ..... end batch DRC at                       Mon May 11 16:07:15 2009
 *************************************************************************

