(------------------------------------------------------------)
(                                                            )
(        Batch DRC Update                                    )
(                                                            )
(        Drawing          : slugs_v2_1.brd                   )
(        Software Version : 16.0p006                         )
(        Date/Time        : Sun Aug 30 20:31:05 2009         )
(                                                            )
(------------------------------------------------------------)


 ========= check shapes                       Sun Aug 30 20:31:05 2009
 ========= check standalone pins              Sun Aug 30 20:31:05 2009
 ========= check symbols (pins,lines,text)    Sun Aug 30 20:31:05 2009
 ========= check nets                         Sun Aug 30 20:31:05 2009
 ========= check standalone branches          Sun Aug 30 20:31:05 2009
 ========= check standalone filled rectangles Sun Aug 30 20:31:05 2009
 ========= check standalone lines             Sun Aug 30 20:31:05 2009
 ========= check standalone text              Sun Aug 30 20:31:05 2009
 ========= check standalone rectangles        Sun Aug 30 20:31:05 2009

 ..... Total number of DRC errors  0

 ..... end batch DRC at                       Sun Aug 30 20:31:05 2009
 *************************************************************************

